<?xml version="1.0" encoding="UTF-8"?>
<!-- Generated by org.testng.reporters.JUnitReportReporter -->
<testsuite hostname="WS64-074" name="tests.HappyPath2" tests="5" failures="0" timestamp="13 Nov 2016 14:55:19 GMT" time="0.006" errors="0">
  <testcase name="meth1" time="0.002" classname="tests.HappyPath2"/>
  <testcase name="meth5" time="0.001" classname="tests.HappyPath2"/>
  <testcase name="meth3" time="0.001" classname="tests.HappyPath2"/>
  <testcase name="meth4" time="0.001" classname="tests.HappyPath2"/>
  <testcase name="meth2" time="0.001" classname="tests.HappyPath2"/>
</testsuite> <!-- tests.HappyPath2 -->
