<?xml version="1.0" encoding="UTF-8"?>
<!-- Generated by org.testng.reporters.JUnitReportReporter -->
<testsuite hostname="WS64-074" name="tests.HappyPath" tests="5" failures="0" timestamp="13 Nov 2016 14:55:19 GMT" time="0.013" errors="0">
  <testcase name="meth4" time="0.001" classname="tests.HappyPath"/>
  <testcase name="meth2" time="0.001" classname="tests.HappyPath"/>
  <testcase name="meth3" time="0.001" classname="tests.HappyPath"/>
  <testcase name="meth1" time="0.009" classname="tests.HappyPath"/>
  <testcase name="meth5" time="0.001" classname="tests.HappyPath"/>
</testsuite> <!-- tests.HappyPath -->
